Bahubali
make[1]: Entering directory '/mnt/c/Users/dhair/Desktop/Operating Systems/lab4_assign/CSCI-GA.2250-001-Operating-Systems-Summer-2025-lab-4'
rm -f iosched            
rm -rf output              debug              *.o *.d
make[1]: Leaving directory '/mnt/c/Users/dhair/Desktop/Operating Systems/lab4_assign/CSCI-GA.2250-001-Operating-Systems-Summer-2025-lab-4'
make[1]: Entering directory '/mnt/c/Users/dhair/Desktop/Operating Systems/lab4_assign/CSCI-GA.2250-001-Operating-Systems-Summer-2025-lab-4'
g++ -std=c++17 -Wall -Wextra -O2 -g -o iosched iosched.cpp
bash runit.sh output              ./iosched            
outdir=<output> sched=<./iosched >
./iosched -sN ./input0
./iosched -sS ./input0
./iosched -sL ./input0
./iosched -sC ./input0
./iosched -sF ./input0
runit.sh: line 91:  6279 Segmentation fault      (core dumped) $@ > ${OUTFILE}
./iosched -sN ./input1
./iosched -sS ./input1
./iosched -sL ./input1
./iosched -sC ./input1
./iosched -sF ./input1
runit.sh: line 91:  6284 Segmentation fault      (core dumped) $@ > ${OUTFILE}
./iosched -sN ./input2
./iosched -sS ./input2
./iosched -sL ./input2
./iosched -sC ./input2
./iosched -sF ./input2
runit.sh: line 91:  6289 Segmentation fault      (core dumped) $@ > ${OUTFILE}
./iosched -sN ./input3
./iosched -sS ./input3
./iosched -sL ./input3
./iosched -sC ./input3
./iosched -sF ./input3
runit.sh: line 91:  6294 Segmentation fault      (core dumped) $@ > ${OUTFILE}
./iosched -sN ./input4
./iosched -sS ./input4
./iosched -sL ./input4
./iosched -sC ./input4
./iosched -sF ./input4
runit.sh: line 91:  6299 Segmentation fault      (core dumped) $@ > ${OUTFILE}
./iosched -sN ./input5
./iosched -sS ./input5
./iosched -sL ./input5
./iosched -sC ./input5
./iosched -sF ./input5
runit.sh: line 91:  6304 Segmentation fault      (core dumped) $@ > ${OUTFILE}
./iosched -sN ./input6
./iosched -sS ./input6
./iosched -sL ./input6
./iosched -sC ./input6
./iosched -sF ./input6
runit.sh: line 91:  6309 Segmentation fault      (core dumped) $@ > ${OUTFILE}
./iosched -sN ./input7
./iosched -sS ./input7
./iosched -sL ./input7
./iosched -sC ./input7
./iosched -sF ./input7
runit.sh: line 91:  6314 Segmentation fault      (core dumped) $@ > ${OUTFILE}
./iosched -sN ./input8
./iosched -sS ./input8
./iosched -sL ./input8
./iosched -sC ./input8
./iosched -sF ./input8
runit.sh: line 91:  6321 Segmentation fault      (core dumped) $@ > ${OUTFILE}
./iosched -sN ./input9
./iosched -sS ./input9
./iosched -sL ./input9
./iosched -sC ./input9
./iosched -sF ./input9
runit.sh: line 91:  6326 Segmentation fault      (core dumped) $@ > ${OUTFILE}
bash gradeit.sh refout              output             
38a4b36da6d36c6d3370058ded1a72c8  - /home/dpm/1000/Bahubali/0805/1526/13.3.0

         N  S  L  C  F
0        .  .  .  .  x
1        .  .  .  .  x
2        .  .  .  .  x
3        .  .  .  .  x
4        .  .  .  .  x
5        .  .  .  .  x
6        .  .  .  .  x
7        .  .  .  .  x
8        .  .  .  .  x
9        .  .  .  .  x
SUM     10 10 10 10  0
TOTAL: 40 out of 50
make[1]: Leaving directory '/mnt/c/Users/dhair/Desktop/Operating Systems/lab4_assign/CSCI-GA.2250-001-Operating-Systems-Summer-2025-lab-4'
